2024/09/16 21:04:37 This is Logging!
2024/09/16 21:04:37 Call Load()
2024/09/16 21:07:53 This is Logging!
2024/09/16 21:07:53 > Call Load()
2024/09/16 21:07:53 > Call Handler()
2024/09/16 21:07:53 > Call Load()
2024/09/16 21:07:53 -------------------
2024/09/16 21:07:55 This is Logging!
2024/09/16 21:07:55 > Call Load()
2024/09/16 21:07:55 > Call Handler()
2024/09/16 21:07:55 > Call Load()
2024/09/16 21:07:55 -------------------
2024/09/16 21:07:57 This is Logging!
2024/09/16 21:07:57 > Call Load()
2024/09/16 21:07:57 > Call Handler()
2024/09/16 21:07:57 > Call Load()
2024/09/16 21:07:57 -------------------
2024/09/16 21:08:01 This is Logging!
2024/09/16 21:08:01 > Call Load()
2024/09/16 21:08:01 > Call Handler()
2024/09/16 21:08:01 > Call Load()
2024/09/16 21:08:01 -------------------
2024/09/16 21:09:11 <START>
2024/09/16 21:09:11 This is Logging!
2024/09/16 21:09:11 > Call Load()
2024/09/16 21:09:11 > Call Handler()
2024/09/16 21:09:11 > Call Load()
2024/09/16 21:09:11 <END>
2024/09/16 21:09:13 <START>
2024/09/16 21:09:13 This is Logging!
2024/09/16 21:09:13 > Call Load()
2024/09/16 21:09:13 > Call Handler()
2024/09/16 21:09:13 > Call Load()
2024/09/16 21:09:13 <END>
2024/09/16 21:09:20 <START>
2024/09/16 21:09:20 This is Logging!
2024/09/16 21:09:20 > Call Load()
2024/09/16 21:09:20 > Call Handler()
2024/09/16 21:09:20 > Call Load()
2024/09/16 21:09:20 <END>
